<?xml version="1.0" encoding="UTF-8"?>
<testsuite name="com.example.project.TestUtility" tests="1" skipped="0" failures="0" errors="0" timestamp="2025-02-13T16:58:12" hostname="codespaces-4173de" time="0.014">
  <properties/>
  <testcase name="testSort()" classname="com.example.project.TestUtility" time="0.014"/>
  <system-out><![CDATA[]]></system-out>
  <system-err><![CDATA[]]></system-err>
</testsuite>
